Looking for git in: git
Using git 2.20.1 from git
> git rev-parse --show-toplevel
> git config --get commit.template
Open repository: /home/tom/src/work/wifi-statspage
> git fetch
> git status -z -u
> git symbolic-ref --short HEAD
> git rev-parse master
> git rev-parse --symbolic-full-name master@{u}
> git rev-list --left-right master...refs/remotes/origin/master
> git for-each-ref --format %(refname) %(objectname) --sort -committerdate
> git remote --verbose
> git config --global user.email
> git config --global user.name
> git status -z -u
> git symbolic-ref --short HEAD
> git rev-parse master
> git check-ignore -z --stdin
> git rev-parse --symbolic-full-name master@{u}
> git rev-list --left-right master...refs/remotes/origin/master
> git for-each-ref --format %(refname) %(objectname) --sort -committerdate
> git remote --verbose
> git show -s --format=%an <%ae> 3a9d96c113a1009c915ee17b91fefd5a01595da4
> git show -s --format=%H
%ae
%P
%B 3a9d96c113a1009c915ee17b91fefd5a01595da4
> git show -s --format=%an <%ae> 5205fc087ad0d7917d6d69471bc3e7b41f9d12b3
> git show -s --format=%H
%ae
%P
%B 5205fc087ad0d7917d6d69471bc3e7b41f9d12b3
ssh_askpass: exec(/usr/bin/ssh-askpass): No such file or directory
git@bitbucket.org: Permission denied (publickey).
fatal: Could not read from remote repository.

Please make sure you have the correct access rights
and the repository exists.
> git config --local -l
> git status -z -u
> git symbolic-ref --short HEAD
> git rev-parse master
> git rev-parse --symbolic-full-name master@{u}
> git rev-list --left-right master...refs/remotes/origin/master
> git for-each-ref --format %(refname) %(objectname) --sort -committerdate
> git remote --verbose
> git config --local branch.master.github-pr-owner-number
> git check-ignore -z --stdin
> git check-ignore -z --stdin
> git show :app/Http/Controllers/DataController.php
