[2019-04-19 15:27:49.026] [exthost] [info] extension host started
[2019-04-19 15:27:49.067] [exthost] [info] ExtensionService#_doActivateExtension aaron-bond.better-comments {"startup":false,"activationEvent":"onLanguage:plaintext"}
[2019-04-19 15:27:49.067] [exthost] [info] ExtensionService#loadCommonJSModule /home/tom/.vscode/extensions/aaron-bond.better-comments-2.0.3/out/extension
[2019-04-19 15:27:49.072] [exthost] [info] ExtensionService#_doActivateExtension mechatroner.rainbow-csv {"startup":false,"activationEvent":"onLanguage:plaintext"}
[2019-04-19 15:27:49.072] [exthost] [info] ExtensionService#loadCommonJSModule /home/tom/.vscode/extensions/mechatroner.rainbow-csv-1.0.0/extension
[2019-04-19 15:27:49.080] [exthost] [info] ExtensionService#_doActivateExtension vscode.debug-auto-launch {"startup":true,"activationEvent":"*"}
[2019-04-19 15:27:49.080] [exthost] [info] ExtensionService#loadCommonJSModule /usr/share/code/resources/app/extensions/debug-auto-launch/dist/extension
[2019-04-19 15:27:49.092] [exthost] [info] ExtensionService#_doActivateExtension vscode.emmet {"startup":true,"activationEvent":"*"}
[2019-04-19 15:27:49.092] [exthost] [info] ExtensionService#loadCommonJSModule /usr/share/code/resources/app/extensions/emmet/dist/extension
[2019-04-19 15:27:49.098] [exthost] [info] ExtensionService#_doActivateExtension vscode.git {"startup":true,"activationEvent":"*"}
[2019-04-19 15:27:49.098] [exthost] [info] ExtensionService#loadCommonJSModule /usr/share/code/resources/app/extensions/git/dist/main
[2019-04-19 15:27:49.137] [exthost] [info] ExtensionService#_doActivateExtension vscode.merge-conflict {"startup":true,"activationEvent":"*"}
[2019-04-19 15:27:49.137] [exthost] [info] ExtensionService#loadCommonJSModule /usr/share/code/resources/app/extensions/merge-conflict/dist/extension
[2019-04-19 15:27:49.142] [exthost] [info] ExtensionService#_doActivateExtension 2gua.rainbow-brackets {"startup":true,"activationEvent":"*"}
[2019-04-19 15:27:49.142] [exthost] [info] ExtensionService#loadCommonJSModule /home/tom/.vscode/extensions/2gua.rainbow-brackets-0.0.6/out/src/extension
[2019-04-19 15:27:49.144] [exthost] [info] ExtensionService#_doActivateExtension alefragnani.project-manager {"startup":true,"activationEvent":"*"}
[2019-04-19 15:27:49.144] [exthost] [info] ExtensionService#loadCommonJSModule /home/tom/.vscode/extensions/alefragnani.project-manager-10.5.1/dist/extension
[2019-04-19 15:27:49.149] [exthost] [info] ExtensionService#_doActivateExtension Equinusocio.vsc-material-theme {"startup":true,"activationEvent":"*"}
[2019-04-19 15:27:49.149] [exthost] [info] ExtensionService#loadCommonJSModule /home/tom/.vscode/extensions/equinusocio.vsc-material-theme-2.8.2/out/src/material.theme.config
[2019-04-19 15:27:49.169] [exthost] [info] ExtensionService#_doActivateExtension esbenp.prettier-vscode {"startup":true,"activationEvent":"*"}
[2019-04-19 15:27:49.169] [exthost] [info] ExtensionService#loadCommonJSModule /home/tom/.vscode/extensions/esbenp.prettier-vscode-1.8.1/out/src/extension
[2019-04-19 15:27:49.283] [exthost] [info] ExtensionService#_doActivateExtension HookyQR.beautify {"startup":true,"activationEvent":"*"}
[2019-04-19 15:27:49.283] [exthost] [info] ExtensionService#loadCommonJSModule /home/tom/.vscode/extensions/hookyqr.beautify-1.4.11/extension
[2019-04-19 15:27:49.358] [exthost] [info] ExtensionService#_doActivateExtension karigari.chat {"startup":true,"activationEvent":"*"}
[2019-04-19 15:27:49.358] [exthost] [info] ExtensionService#loadCommonJSModule /home/tom/.vscode/extensions/karigari.chat-0.13.0/out/extension
[2019-04-19 15:27:50.287] [exthost] [info] ExtensionService#_doActivateExtension ms-vsliveshare.vsliveshare {"startup":true,"activationEvent":"*"}
[2019-04-19 15:27:50.287] [exthost] [info] ExtensionService#loadCommonJSModule /home/tom/.vscode/extensions/ms-vsliveshare.vsliveshare-1.0.67/out/prod/extension-prod
[2019-04-19 15:27:50.465] [exthost] [info] ExtensionService#_doActivateExtension PKief.material-icon-theme {"startup":true,"activationEvent":"*"}
[2019-04-19 15:27:50.465] [exthost] [info] ExtensionService#loadCommonJSModule /home/tom/.vscode/extensions/pkief.material-icon-theme-3.7.0/dist/extension
[2019-04-19 15:27:50.474] [exthost] [info] ExtensionService#_doActivateExtension Shan.code-settings-sync {"startup":true,"activationEvent":"*"}
[2019-04-19 15:27:50.474] [exthost] [info] ExtensionService#loadCommonJSModule /home/tom/.vscode/extensions/shan.code-settings-sync-3.2.9/out/extension.js
[2019-04-19 15:27:50.524] [exthost] [info] ExtensionService#_doActivateExtension spywhere.guides {"startup":true,"activationEvent":"*"}
[2019-04-19 15:27:50.524] [exthost] [info] ExtensionService#loadCommonJSModule /home/tom/.vscode/extensions/spywhere.guides-0.9.3/out/extension
[2019-04-19 15:27:50.725] [exthost] [info] ExtensionService#_doActivateExtension vscode-icons-team.vscode-icons {"startup":true,"activationEvent":"*"}
[2019-04-19 15:27:50.725] [exthost] [info] ExtensionService#loadCommonJSModule /home/tom/.vscode/extensions/vscode-icons-team.vscode-icons-8.5.0/out/src/
[2019-04-19 15:27:50.802] [exthost] [info] ExtensionService#_doActivateExtension WallabyJs.quokka-vscode {"startup":true,"activationEvent":"*"}
[2019-04-19 15:27:50.802] [exthost] [info] ExtensionService#loadCommonJSModule /home/tom/.vscode/extensions/wallabyjs.quokka-vscode-1.0.209/index
[2019-04-19 15:27:50.804] [exthost] [info] eager extensions activated
[2019-04-19 15:27:53.472] [exthost] [info] ExtensionService#_doActivateExtension GitHub.vscode-pull-request-github {"startup":true,"activationEvent":"*"}
[2019-04-19 15:27:53.472] [exthost] [info] ExtensionService#loadCommonJSModule /home/tom/.vscode/extensions/github.vscode-pull-request-github-0.6.0/media/extension
