[2019-04-19 15:28:02.913] [exthost] [info] extension host started
[2019-04-19 15:28:02.963] [exthost] [info] ExtensionService#_doActivateExtension aaron-bond.better-comments {"startup":false,"activationEvent":"onLanguage:plaintext"}
[2019-04-19 15:28:02.963] [exthost] [info] ExtensionService#loadCommonJSModule /home/tom/.vscode/extensions/aaron-bond.better-comments-2.0.3/out/extension
[2019-04-19 15:28:02.965] [exthost] [info] ExtensionService#_doActivateExtension mechatroner.rainbow-csv {"startup":false,"activationEvent":"onLanguage:plaintext"}
[2019-04-19 15:28:02.965] [exthost] [info] ExtensionService#loadCommonJSModule /home/tom/.vscode/extensions/mechatroner.rainbow-csv-1.0.0/extension
[2019-04-19 15:28:02.968] [exthost] [info] ExtensionService#_doActivateExtension vscode.debug-auto-launch {"startup":true,"activationEvent":"*"}
[2019-04-19 15:28:02.968] [exthost] [info] ExtensionService#loadCommonJSModule /usr/share/code/resources/app/extensions/debug-auto-launch/dist/extension
[2019-04-19 15:28:02.970] [exthost] [info] ExtensionService#_doActivateExtension vscode.emmet {"startup":true,"activationEvent":"*"}
[2019-04-19 15:28:02.970] [exthost] [info] ExtensionService#loadCommonJSModule /usr/share/code/resources/app/extensions/emmet/dist/extension
[2019-04-19 15:28:02.973] [exthost] [info] ExtensionService#_doActivateExtension vscode.git {"startup":true,"activationEvent":"*"}
[2019-04-19 15:28:02.973] [exthost] [info] ExtensionService#loadCommonJSModule /usr/share/code/resources/app/extensions/git/dist/main
[2019-04-19 15:28:03.004] [exthost] [info] ExtensionService#_doActivateExtension vscode.merge-conflict {"startup":true,"activationEvent":"*"}
[2019-04-19 15:28:03.004] [exthost] [info] ExtensionService#loadCommonJSModule /usr/share/code/resources/app/extensions/merge-conflict/dist/extension
[2019-04-19 15:28:03.006] [exthost] [info] ExtensionService#_doActivateExtension 2gua.rainbow-brackets {"startup":true,"activationEvent":"*"}
[2019-04-19 15:28:03.006] [exthost] [info] ExtensionService#loadCommonJSModule /home/tom/.vscode/extensions/2gua.rainbow-brackets-0.0.6/out/src/extension
[2019-04-19 15:28:03.007] [exthost] [info] ExtensionService#_doActivateExtension alefragnani.project-manager {"startup":true,"activationEvent":"*"}
[2019-04-19 15:28:03.007] [exthost] [info] ExtensionService#loadCommonJSModule /home/tom/.vscode/extensions/alefragnani.project-manager-10.5.1/dist/extension
[2019-04-19 15:28:03.011] [exthost] [info] ExtensionService#_doActivateExtension Equinusocio.vsc-material-theme {"startup":true,"activationEvent":"*"}
[2019-04-19 15:28:03.012] [exthost] [info] ExtensionService#loadCommonJSModule /home/tom/.vscode/extensions/equinusocio.vsc-material-theme-2.8.2/out/src/material.theme.config
[2019-04-19 15:28:03.019] [exthost] [info] ExtensionService#_doActivateExtension esbenp.prettier-vscode {"startup":true,"activationEvent":"*"}
[2019-04-19 15:28:03.019] [exthost] [info] ExtensionService#loadCommonJSModule /home/tom/.vscode/extensions/esbenp.prettier-vscode-1.8.1/out/src/extension
[2019-04-19 15:28:03.089] [exthost] [info] ExtensionService#_doActivateExtension HookyQR.beautify {"startup":true,"activationEvent":"*"}
[2019-04-19 15:28:03.090] [exthost] [info] ExtensionService#loadCommonJSModule /home/tom/.vscode/extensions/hookyqr.beautify-1.4.11/extension
[2019-04-19 15:28:03.129] [exthost] [info] ExtensionService#_doActivateExtension karigari.chat {"startup":true,"activationEvent":"*"}
[2019-04-19 15:28:03.129] [exthost] [info] ExtensionService#loadCommonJSModule /home/tom/.vscode/extensions/karigari.chat-0.13.0/out/extension
[2019-04-19 15:28:03.527] [exthost] [info] ExtensionService#_doActivateExtension ms-vsliveshare.vsliveshare {"startup":true,"activationEvent":"*"}
[2019-04-19 15:28:03.527] [exthost] [info] ExtensionService#loadCommonJSModule /home/tom/.vscode/extensions/ms-vsliveshare.vsliveshare-1.0.67/out/prod/extension-prod
[2019-04-19 15:28:03.656] [exthost] [info] ExtensionService#_doActivateExtension PKief.material-icon-theme {"startup":true,"activationEvent":"*"}
[2019-04-19 15:28:03.656] [exthost] [info] ExtensionService#loadCommonJSModule /home/tom/.vscode/extensions/pkief.material-icon-theme-3.7.0/dist/extension
[2019-04-19 15:28:03.662] [exthost] [info] ExtensionService#_doActivateExtension Shan.code-settings-sync {"startup":true,"activationEvent":"*"}
[2019-04-19 15:28:03.662] [exthost] [info] ExtensionService#loadCommonJSModule /home/tom/.vscode/extensions/shan.code-settings-sync-3.2.9/out/extension.js
[2019-04-19 15:28:03.690] [exthost] [info] ExtensionService#_doActivateExtension spywhere.guides {"startup":true,"activationEvent":"*"}
[2019-04-19 15:28:03.690] [exthost] [info] ExtensionService#loadCommonJSModule /home/tom/.vscode/extensions/spywhere.guides-0.9.3/out/extension
[2019-04-19 15:28:03.756] [exthost] [info] ExtensionService#_doActivateExtension vscode-icons-team.vscode-icons {"startup":true,"activationEvent":"*"}
[2019-04-19 15:28:03.756] [exthost] [info] ExtensionService#loadCommonJSModule /home/tom/.vscode/extensions/vscode-icons-team.vscode-icons-8.5.0/out/src/
[2019-04-19 15:28:03.794] [exthost] [info] ExtensionService#_doActivateExtension WallabyJs.quokka-vscode {"startup":true,"activationEvent":"*"}
[2019-04-19 15:28:03.794] [exthost] [info] ExtensionService#loadCommonJSModule /home/tom/.vscode/extensions/wallabyjs.quokka-vscode-1.0.209/index
[2019-04-19 15:28:03.794] [exthost] [info] eager extensions activated
