[2019-04-18 15:53:09.570] [sharedprocess] [info] main {"machineId":"db54bad0ed01872a868741ae7a725179d90cbb5e83ab6f876d19c48dc23d36d2"}
[2019-04-18 15:53:09.960] [sharedprocess] [info] Scanned user extensions: 47
[2019-04-18 15:53:09.984] [sharedprocess] [info] Scanned user extensions: 47
[2019-04-18 15:53:09.986] [sharedprocess] [info] Scanned user extensions: 47
[2019-04-18 15:53:09.994] [sharedprocess] [info] Scanned system extensions: 72
[2019-04-18 15:53:09.998] [sharedprocess] [info] ms-vsliveshare.vsliveshare 1.0.45 Running post uninstall script
[2019-04-18 15:53:10.019] [sharedprocess] [info] Scanned user extensions: 47
[2019-04-18 15:53:10.027] [sharedprocess] [info] Scanned system extensions: 72
[2019-04-18 15:53:10.044] [sharedprocess] [info] Scanned system extensions: 72
[2019-04-18 15:53:10.054] [sharedprocess] [info] Scanned system extensions: 72
[2019-04-18 15:53:10.092] [sharedprocess] [info] Deleted from disk shan.code-settings-sync /home/tom/.vscode/extensions/shan.code-settings-sync-3.2.8
[2019-04-18 15:53:10.094] [sharedprocess] [info] Deleted from disk redhat.java /home/tom/.vscode/extensions/redhat.java-0.42.1
[2019-04-18 15:53:10.226] [sharedprocess] [error] ms-vsliveshare.vsliveshare 1.0.45 post-uninstall internal/modules/cjs/loader.js:604
    throw err;
    ^

Error: Cannot find module '@abstractions/fileAccess'
    at Function.Module._resolveFilename (internal/modules/cjs/loader.js:602:15)
    at Function.Module._load (internal/modules/cjs/loader.js:528:25)
    at Module.require (internal/modules/cjs/loader.js:658:17)
    at require (internal/modules/cjs/helpers.js:20:18)
    at Object.<anonymous> (/home/tom/.vscode/extensions/ms-vsliveshare.vsliveshare-1.0.45/out/prod/uninstall.js:4:22)
    at Object.<anonymous> (/home/tom/.vscode/extensions/ms-vsliveshare.vsliveshare-1.0.45/out/prod/uninstall.js:103:3)
    at Module._compile (internal/modules/cjs/loader.js:711:30)
    at Object.Module._extensions..js (internal/modules/cjs/loader.js:722:10)
    at Module.load (internal/modules/cjs/loader.js:620:32)
    at tryModuleLoad (internal/modules/cjs/loader.js:559:12)

[2019-04-18 15:53:10.229] [sharedprocess] [error] ms-vsliveshare.vsliveshare 1.0.45 Failed to run post uninstall script: post-uninstall process exited with code 1
[2019-04-18 15:53:10.321] [sharedprocess] [info] Deleted from disk ms-vsliveshare.vsliveshare /home/tom/.vscode/extensions/ms-vsliveshare.vsliveshare-1.0.45
[2019-04-18 15:53:10.343] [sharedprocess] [info] Scanned user extensions: 47
[2019-04-18 15:53:49.583] [sharedprocess] [info] Starting to clean up unused language packs.
[2019-04-18 15:58:10.443] [sharedprocess] [info] Scanned user extensions: 47
[2019-04-18 16:03:10.512] [sharedprocess] [info] Scanned user extensions: 47
[2019-04-18 16:08:10.581] [sharedprocess] [info] Scanned user extensions: 47
