[5127:0410/160539.367364:ERROR:gles2_cmd_decoder.cc(17876)] [.DisplayCompositor-0x7268090]GL ERROR :GL_INVALID_OPERATION : glCreateAndConsumeTextureCHROMIUM: invalid mailbox name
[5127:0410/160539.367510:ERROR:gles2_cmd_decoder.cc(9803)] [.DisplayCompositor-0x7268090]RENDER WARNING: texture bound to texture unit 0 is not renderable. It maybe non-power-of-2 and have incompatible texture filtering.
[5127:0410/160539.367559:ERROR:gles2_cmd_decoder.cc(17876)] [.DisplayCompositor-0x7268090]GL ERROR :GL_INVALID_OPERATION : glCreateAndConsumeTextureCHROMIUM: invalid mailbox name
[5127:0410/160539.367592:ERROR:gles2_cmd_decoder.cc(9803)] [.DisplayCompositor-0x7268090]RENDER WARNING: texture bound to texture unit 0 is not renderable. It maybe non-power-of-2 and have incompatible texture filtering.
[5127:0410/160741.622876:ERROR:gles2_cmd_decoder.cc(17876)] [.DisplayCompositor-0x7268090]GL ERROR :GL_INVALID_OPERATION : glCreateAndConsumeTextureCHROMIUM: invalid mailbox name
[5127:0410/160741.622982:ERROR:gles2_cmd_decoder.cc(9803)] [.DisplayCompositor-0x7268090]RENDER WARNING: texture bound to texture unit 0 is not renderable. It maybe non-power-of-2 and have incompatible texture filtering.
[5127:0410/160741.623037:ERROR:gles2_cmd_decoder.cc(17876)] [.DisplayCompositor-0x7268090]GL ERROR :GL_INVALID_OPERATION : glCreateAndConsumeTextureCHROMIUM: invalid mailbox name
[5127:0410/160741.623073:ERROR:gles2_cmd_decoder.cc(9803)] [.DisplayCompositor-0x7268090]RENDER WARNING: texture bound to texture unit 0 is not renderable. It maybe non-power-of-2 and have incompatible texture filtering.
ioctl failed for wlan0, errno = 19 (No such device)
ioctl failed for wlp2s0, errno = 19 (No such device)
ioctl failed for wlp3s0, errno = 7 (Argument list too long)
ALSA lib pcm.c:2565:(snd_pcm_open_noupdate) Unknown PCM mic_call
ALSA lib pcm.c:2565:(snd_pcm_open_noupdate) Unknown PCM call
ALSA lib pcm.c:2565:(snd_pcm_open_noupdate) Unknown PCM loopback_call
ALSA lib pcm.c:2565:(snd_pcm_open_noupdate) Unknown PCM mic_call
ALSA lib pcm.c:2565:(snd_pcm_open_noupdate) Unknown PCM call
ALSA lib pcm.c:2565:(snd_pcm_open_noupdate) Unknown PCM loopback_call
ioctl failed for wlan0, errno = 19 (No such device)
ioctl failed for wlp2s0, errno = 19 (No such device)
ioctl failed for wlp3s0, errno = 7 (Argument list too long)
[5127:0410/161010.524055:ERROR:buffer_manager.cc(453)] [.DisplayCompositor-0x7317970]GL ERROR :GL_INVALID_OPERATION : glBufferData: <- error from previous GL command
